mode: atomic
github.com/bemeek-io/go-traeger/api.go:20.119,21.44 1 29
github.com/bemeek-io/go-traeger/api.go:21.44,23.3 1 0
github.com/bemeek-io/go-traeger/api.go:25.2,26.16 2 29
github.com/bemeek-io/go-traeger/api.go:26.16,28.3 1 0
github.com/bemeek-io/go-traeger/api.go:29.2,35.16 6 29
github.com/bemeek-io/go-traeger/api.go:35.16,37.3 1 0
github.com/bemeek-io/go-traeger/api.go:39.2,39.53 1 29
github.com/bemeek-io/go-traeger/api.go:39.53,46.3 3 5
github.com/bemeek-io/go-traeger/api.go:48.2,48.18 1 24
github.com/bemeek-io/go-traeger/api.go:52.66,54.16 2 5
github.com/bemeek-io/go-traeger/api.go:54.16,56.3 1 2
github.com/bemeek-io/go-traeger/api.go:57.2,60.16 3 3
github.com/bemeek-io/go-traeger/api.go:60.16,62.3 1 0
github.com/bemeek-io/go-traeger/api.go:64.2,65.54 2 3
github.com/bemeek-io/go-traeger/api.go:65.54,67.3 1 1
github.com/bemeek-io/go-traeger/api.go:69.2,69.27 1 2
github.com/bemeek-io/go-traeger/api.go:73.84,76.16 3 16
github.com/bemeek-io/go-traeger/api.go:76.16,78.3 1 0
github.com/bemeek-io/go-traeger/api.go:80.2,81.16 2 16
github.com/bemeek-io/go-traeger/api.go:81.16,83.3 1 1
github.com/bemeek-io/go-traeger/api.go:84.2,85.12 2 15
github.com/bemeek-io/go-traeger/api.go:89.109,93.16 3 5
github.com/bemeek-io/go-traeger/api.go:93.16,95.3 1 1
github.com/bemeek-io/go-traeger/api.go:96.2,99.16 3 4
github.com/bemeek-io/go-traeger/api.go:99.16,101.3 1 0
github.com/bemeek-io/go-traeger/api.go:103.2,104.54 2 4
github.com/bemeek-io/go-traeger/api.go:104.54,106.3 1 1
github.com/bemeek-io/go-traeger/api.go:108.2,109.41 2 3
github.com/bemeek-io/go-traeger/api.go:113.88,115.2 1 1
github.com/bemeek-io/go-traeger/api.go:118.89,120.2 1 1
github.com/bemeek-io/go-traeger/api.go:123.74,125.2 1 1
github.com/bemeek-io/go-traeger/api.go:128.93,130.2 1 1
github.com/bemeek-io/go-traeger/api.go:133.72,135.2 1 1
github.com/bemeek-io/go-traeger/api.go:138.89,139.13 1 2
github.com/bemeek-io/go-traeger/api.go:139.13,141.3 1 1
github.com/bemeek-io/go-traeger/api.go:142.2,142.44 1 1
github.com/bemeek-io/go-traeger/api.go:146.91,147.13 1 2
github.com/bemeek-io/go-traeger/api.go:147.13,149.3 1 1
github.com/bemeek-io/go-traeger/api.go:150.2,150.44 1 1
github.com/bemeek-io/go-traeger/api.go:155.87,157.2 1 1
github.com/bemeek-io/go-traeger/api.go:162.99,168.60 4 4
github.com/bemeek-io/go-traeger/api.go:168.60,170.3 1 0
github.com/bemeek-io/go-traeger/api.go:173.2,175.17 3 4
github.com/bemeek-io/go-traeger/api.go:175.17,176.61 1 1
github.com/bemeek-io/go-traeger/api.go:176.61,178.4 1 1
github.com/bemeek-io/go-traeger/api.go:181.2,186.6 5 4
github.com/bemeek-io/go-traeger/api.go:186.6,187.10 1 6
github.com/bemeek-io/go-traeger/api.go:188.21,189.25 1 1
github.com/bemeek-io/go-traeger/api.go:190.18,191.26 1 2
github.com/bemeek-io/go-traeger/api.go:192.19,196.10 4 3
github.com/bemeek-io/go-traeger/api.go:196.10,198.5 1 1
github.com/bemeek-io/go-traeger/auth.go:16.49,18.2 1 40
github.com/bemeek-io/go-traeger/auth.go:22.58,23.47 1 34
github.com/bemeek-io/go-traeger/auth.go:23.47,25.3 1 29
github.com/bemeek-io/go-traeger/auth.go:27.2,31.16 4 5
github.com/bemeek-io/go-traeger/auth.go:31.16,33.3 1 1
github.com/bemeek-io/go-traeger/auth.go:35.2,38.12 4 4
github.com/bemeek-io/go-traeger/auth.go:42.75,49.16 3 9
github.com/bemeek-io/go-traeger/auth.go:49.16,51.3 1 0
github.com/bemeek-io/go-traeger/auth.go:53.2,54.16 2 9
github.com/bemeek-io/go-traeger/auth.go:54.16,56.3 1 0
github.com/bemeek-io/go-traeger/auth.go:57.2,60.16 3 9
github.com/bemeek-io/go-traeger/auth.go:60.16,62.3 1 0
github.com/bemeek-io/go-traeger/auth.go:63.2,66.16 3 9
github.com/bemeek-io/go-traeger/auth.go:66.16,68.3 1 0
github.com/bemeek-io/go-traeger/auth.go:70.2,70.38 1 9
github.com/bemeek-io/go-traeger/auth.go:70.38,72.3 1 2
github.com/bemeek-io/go-traeger/auth.go:74.2,75.54 2 7
github.com/bemeek-io/go-traeger/auth.go:75.54,77.3 1 1
github.com/bemeek-io/go-traeger/auth.go:79.2,79.26 1 6
github.com/bemeek-io/go-traeger/auth.go:79.26,81.3 1 1
github.com/bemeek-io/go-traeger/auth.go:83.2,83.21 1 5
github.com/bemeek-io/go-traeger/client.go:26.49,26.50 0 22
github.com/bemeek-io/go-traeger/client.go:27.49,27.50 0 6
github.com/bemeek-io/go-traeger/client.go:28.49,28.50 0 3
github.com/bemeek-io/go-traeger/client.go:66.44,67.26 1 33
github.com/bemeek-io/go-traeger/client.go:67.26,69.3 1 33
github.com/bemeek-io/go-traeger/client.go:73.41,74.26 1 1
github.com/bemeek-io/go-traeger/client.go:74.26,76.3 1 1
github.com/bemeek-io/go-traeger/client.go:81.53,82.26 1 1
github.com/bemeek-io/go-traeger/client.go:82.26,84.3 1 1
github.com/bemeek-io/go-traeger/client.go:89.54,90.26 1 1
github.com/bemeek-io/go-traeger/client.go:90.26,92.3 1 1
github.com/bemeek-io/go-traeger/client.go:96.34,97.26 1 4
github.com/bemeek-io/go-traeger/client.go:97.26,99.3 1 4
github.com/bemeek-io/go-traeger/client.go:104.67,118.27 2 55
github.com/bemeek-io/go-traeger/client.go:118.27,120.3 1 40
github.com/bemeek-io/go-traeger/client.go:121.2,121.10 1 55
github.com/bemeek-io/go-traeger/client.go:126.53,128.44 2 3
github.com/bemeek-io/go-traeger/client.go:128.44,130.3 1 1
github.com/bemeek-io/go-traeger/client.go:132.2,134.16 3 2
github.com/bemeek-io/go-traeger/client.go:134.16,136.3 1 1
github.com/bemeek-io/go-traeger/client.go:137.2,143.43 6 1
github.com/bemeek-io/go-traeger/client.go:143.43,145.3 1 1
github.com/bemeek-io/go-traeger/client.go:147.2,147.46 1 0
github.com/bemeek-io/go-traeger/client.go:147.46,149.3 1 0
github.com/bemeek-io/go-traeger/client.go:151.2,156.12 5 0
github.com/bemeek-io/go-traeger/client.go:160.32,164.55 4 2
github.com/bemeek-io/go-traeger/client.go:164.55,166.3 1 0
github.com/bemeek-io/go-traeger/client.go:167.2,168.12 2 2
github.com/bemeek-io/go-traeger/client.go:172.35,178.2 5 3
github.com/bemeek-io/go-traeger/client.go:181.59,184.29 3 2
github.com/bemeek-io/go-traeger/client.go:184.29,185.29 1 3
github.com/bemeek-io/go-traeger/client.go:185.29,187.4 1 1
github.com/bemeek-io/go-traeger/client.go:189.2,189.30 1 1
github.com/bemeek-io/go-traeger/client.go:194.67,199.2 4 6
github.com/bemeek-io/go-traeger/client.go:202.68,206.2 3 3
github.com/bemeek-io/go-traeger/client.go:209.53,213.2 3 3
github.com/bemeek-io/go-traeger/errors.go:28.35,30.2 1 6
github.com/bemeek-io/go-traeger/models.go:29.39,30.11 1 11
github.com/bemeek-io/go-traeger/models.go:31.22,32.20 1 1
github.com/bemeek-io/go-traeger/models.go:33.18,34.16 1 1
github.com/bemeek-io/go-traeger/models.go:35.22,36.20 1 1
github.com/bemeek-io/go-traeger/models.go:37.24,38.22 1 1
github.com/bemeek-io/go-traeger/models.go:39.21,40.19 1 1
github.com/bemeek-io/go-traeger/models.go:41.24,42.23 1 1
github.com/bemeek-io/go-traeger/models.go:43.22,44.21 1 1
github.com/bemeek-io/go-traeger/models.go:45.22,46.20 1 1
github.com/bemeek-io/go-traeger/models.go:47.21,48.19 1 1
github.com/bemeek-io/go-traeger/models.go:49.10,50.39 1 2
github.com/bemeek-io/go-traeger/models.go:106.44,108.34 2 3
github.com/bemeek-io/go-traeger/models.go:108.34,109.44 1 4
github.com/bemeek-io/go-traeger/models.go:109.44,111.4 1 2
github.com/bemeek-io/go-traeger/models.go:113.2,113.15 1 3
github.com/bemeek-io/go-traeger/mqtt.go:18.57,20.16 2 1
github.com/bemeek-io/go-traeger/mqtt.go:20.16,22.3 1 0
github.com/bemeek-io/go-traeger/mqtt.go:23.2,27.16 4 1
github.com/bemeek-io/go-traeger/mqtt.go:27.16,29.3 1 0
github.com/bemeek-io/go-traeger/mqtt.go:31.2,44.38 11 1
github.com/bemeek-io/go-traeger/mqtt.go:44.38,46.3 1 1
github.com/bemeek-io/go-traeger/mqtt.go:48.2,48.12 1 0
github.com/bemeek-io/go-traeger/mqtt.go:52.60,54.38 2 2
github.com/bemeek-io/go-traeger/mqtt.go:54.38,56.3 1 1
github.com/bemeek-io/go-traeger/mqtt.go:58.2,60.16 3 1
github.com/bemeek-io/go-traeger/mqtt.go:60.16,62.3 1 0
github.com/bemeek-io/go-traeger/mqtt.go:63.2,65.12 3 1
github.com/bemeek-io/go-traeger/mqtt.go:69.44,70.56 1 2
github.com/bemeek-io/go-traeger/mqtt.go:70.56,72.3 1 2
github.com/bemeek-io/go-traeger/mqtt.go:74.2,78.31 4 0
github.com/bemeek-io/go-traeger/mqtt.go:78.31,83.39 5 0
github.com/bemeek-io/go-traeger/mqtt.go:83.39,85.4 1 0
github.com/bemeek-io/go-traeger/mqtt.go:88.2,88.12 1 0
github.com/bemeek-io/go-traeger/mqtt.go:93.65,95.48 2 11
github.com/bemeek-io/go-traeger/mqtt.go:95.48,97.3 1 1
github.com/bemeek-io/go-traeger/mqtt.go:98.2,103.64 4 10
github.com/bemeek-io/go-traeger/mqtt.go:103.64,106.3 2 2
github.com/bemeek-io/go-traeger/mqtt.go:108.2,111.64 3 8
github.com/bemeek-io/go-traeger/mqtt.go:111.64,114.3 2 1
github.com/bemeek-io/go-traeger/mqtt.go:116.2,124.29 7 7
github.com/bemeek-io/go-traeger/mqtt.go:124.29,126.3 1 6
github.com/bemeek-io/go-traeger/mqtt.go:131.47,133.46 2 1
github.com/bemeek-io/go-traeger/mqtt.go:133.46,135.3 1 1
